[0mCompiling "resources/public/js/compiled/flocking.js" from ["src/cljs" "src/cljc"]...[0m
[32mSuccessfully compiled "resources/public/js/compiled/flocking.js" in 0.297 seconds.[0m
notifying browser that file changed:  resources/public/js/compiled/out/goog/deps.js
notifying browser that file changed:  resources/public/js/compiled/out/cljs_deps.js
notifying browser that file changed:  resources/public/js/compiled/out/flocking/core.js
[0mCompiling "resources/public/js/compiled/flocking.js" from ["src/cljs" "src/cljc"]...[0m
[32mSuccessfully compiled "resources/public/js/compiled/flocking.js" in 0.272 seconds.[0m
notifying browser that file changed:  resources/public/js/compiled/out/flocking/core.js
[0mCompiling "resources/public/js/compiled/flocking.js" from ["src/cljs" "src/cljc"]...[0m
[32mSuccessfully compiled "resources/public/js/compiled/flocking.js" in 0.249 seconds.[0m
notifying browser that file changed:  resources/public/js/compiled/out/flocking/core.js
[0mCompiling "resources/public/js/compiled/flocking.js" from ["src/cljs" "src/cljc"]...[0m
[32mSuccessfully compiled "resources/public/js/compiled/flocking.js" in 0.256 seconds.[0m
notifying browser that file changed:  resources/public/js/compiled/out/flocking/core.js
[0mCompiling "resources/public/js/compiled/flocking.js" from ["src/cljs" "src/cljc"]...[0m
[32mSuccessfully compiled "resources/public/js/compiled/flocking.js" in 0.275 seconds.[0m
notifying browser that file changed:  resources/public/js/compiled/out/flocking/core.js
[0mCompiling "resources/public/js/compiled/flocking.js" from ["src/cljs" "src/cljc"]...[0m
[32mSuccessfully compiled "resources/public/js/compiled/flocking.js" in 0.305 seconds.[0m
notifying browser that file changed:  resources/public/js/compiled/out/flocking/core.js
[0mCompiling "resources/public/js/compiled/flocking.js" from ["src/cljs" "src/cljc"]...[0m
[32mSuccessfully compiled "resources/public/js/compiled/flocking.js" in 0.261 seconds.[0m
notifying browser that file changed:  resources/public/js/compiled/out/flocking/core.js
[0mCompiling "resources/public/js/compiled/flocking.js" from ["src/cljs" "src/cljc"]...[0m
[32mSuccessfully compiled "resources/public/js/compiled/flocking.js" in 0.266 seconds.[0m
notifying browser that file changed:  resources/public/js/compiled/out/flocking/core.js
[0mCompiling "resources/public/js/compiled/flocking.js" from ["src/cljs" "src/cljc"]...[0m
[31mFailed to compile "resources/public/js/compiled/flocking.js" in 0.176 seconds.[0m
[36m----  Could not Read  src/cljs/flocking/core.cljs   line:19 ----[0m

  [1m/Users/mbastian/workspace/flocking/src/cljs/flocking/core.cljs [line 19, col 44] The map literal starting with :points on line 16 column 17 contains 9 form(s). Map literals must contain an even number of forms.[0m

  [36m17[0m  [36m           :transform "translate(100,100)"[0m
  [36m18[0m  [36m           :rotate [0m
  [33m19[0m  [1m           :stroke :cyan :fill :none}][0m
  [0m  [0m  [33m           /Users/mbastian/workspace/flocking/src/cljs/flocking/core.cljs [line 19, col 44] The map literal starting with :points on line 16 column 17 contains 9 form(s). Map literals must contain an even number of forms.[0m
  [36m20[0m  [36m;[:polygon :points [0 0 50 50 50 0] :stroke :green][0m
  [36m21[0m  [36m]]))[0m

[36m----  Reader Error : Please see src/cljs/flocking/core.cljs  ----[0m
[0mCompiling "resources/public/js/compiled/flocking.js" from ["src/cljs" "src/cljc"]...[0m
[32mSuccessfully compiled "resources/public/js/compiled/flocking.js" in 0.259 seconds.[0m
notifying browser that file changed:  resources/public/js/compiled/out/flocking/core.js
[0mCompiling "resources/public/js/compiled/flocking.js" from ["src/cljs" "src/cljc"]...[0m
[32mSuccessfully compiled "resources/public/js/compiled/flocking.js" in 0.254 seconds.[0m
notifying browser that file changed:  resources/public/js/compiled/out/flocking/core.js
[0mCompiling "resources/public/js/compiled/flocking.js" from ["src/cljs" "src/cljc"]...[0m
[32mSuccessfully compiled "resources/public/js/compiled/flocking.js" in 0.288 seconds.[0m
notifying browser that file changed:  resources/public/js/compiled/out/flocking/core.js
[0mCompiling "resources/public/js/compiled/flocking.js" from ["src/cljs" "src/cljc"]...[0m
[32mSuccessfully compiled "resources/public/js/compiled/flocking.js" in 0.26 seconds.[0m
notifying browser that file changed:  resources/public/js/compiled/out/flocking/core.js
[0mCompiling "resources/public/js/compiled/flocking.js" from ["src/cljs" "src/cljc"]...[0m
[32mSuccessfully compiled "resources/public/js/compiled/flocking.js" in 0.256 seconds.[0m
notifying browser that file changed:  resources/public/js/compiled/out/flocking/core.js
[0mCompiling "resources/public/js/compiled/flocking.js" from ["src/cljs" "src/cljc"]...[0m
[32mSuccessfully compiled "resources/public/js/compiled/flocking.js" in 0.255 seconds.[0m
notifying browser that file changed:  resources/public/js/compiled/out/flocking/core.js
[0mCompiling "resources/public/js/compiled/flocking.js" from ["src/cljs" "src/cljc"]...[0m
[32mSuccessfully compiled "resources/public/js/compiled/flocking.js" in 0.27 seconds.[0m
notifying browser that file changed:  resources/public/js/compiled/out/flocking/core.js
[0mCompiling "resources/public/js/compiled/flocking.js" from ["src/cljs" "src/cljc"]...[0m
[32mSuccessfully compiled "resources/public/js/compiled/flocking.js" in 0.268 seconds.[0m
notifying browser that file changed:  resources/public/js/compiled/out/flocking/core.js
[0mCompiling "resources/public/js/compiled/flocking.js" from ["src/cljs" "src/cljc"]...[0m
[32mSuccessfully compiled "resources/public/js/compiled/flocking.js" in 1.141 seconds.[0m
notifying browser that file changed:  resources/public/js/compiled/out/cljs_deps.js
notifying browser that file changed:  resources/public/js/compiled/out/flocking/rules.js
notifying browser that file changed:  resources/public/js/compiled/out/flocking/core.js
[0mCompiling "resources/public/js/compiled/flocking.js" from ["src/cljs" "src/cljc"]...[0m
[32mSuccessfully compiled "resources/public/js/compiled/flocking.js" in 0.442 seconds.[0m
notifying browser that file changed:  resources/public/js/compiled/out/cljs_deps.js
notifying browser that file changed:  resources/public/js/compiled/out/flocking/rules.js
notifying browser that file changed:  resources/public/js/compiled/out/flocking/core.js
[0mCompiling "resources/public/js/compiled/flocking.js" from ["src/cljs" "src/cljc"]...[0m
[32mSuccessfully compiled "resources/public/js/compiled/flocking.js" in 0.273 seconds.[0m
notifying browser that file changed:  resources/public/js/compiled/out/flocking/core.js
[0mCompiling "resources/public/js/compiled/flocking.js" from ["src/cljs" "src/cljc"]...[0m
[32mSuccessfully compiled "resources/public/js/compiled/flocking.js" in 0.269 seconds.[0m
notifying browser that file changed:  resources/public/js/compiled/out/flocking/core.js
[0mCompiling "resources/public/js/compiled/flocking.js" from ["src/cljs" "src/cljc"]...[0m
[32mSuccessfully compiled "resources/public/js/compiled/flocking.js" in 0.276 seconds.[0m
notifying browser that file changed:  resources/public/js/compiled/out/cljs_deps.js
notifying browser that file changed:  resources/public/js/compiled/out/flocking/core.js
[0mCompiling "resources/public/js/compiled/flocking.js" from ["src/cljs" "src/cljc"]...[0m
[32mSuccessfully compiled "resources/public/js/compiled/flocking.js" in 0.268 seconds.[0m
notifying browser that file changed:  resources/public/js/compiled/out/flocking/core.js
[0mCompiling "resources/public/js/compiled/flocking.js" from ["src/cljs" "src/cljc"]...[0m
[32mSuccessfully compiled "resources/public/js/compiled/flocking.js" in 0.289 seconds.[0m
notifying browser that file changed:  resources/public/js/compiled/out/flocking/core.js
[0mCompiling "resources/public/js/compiled/flocking.js" from ["src/cljs" "src/cljc"]...[0m
[32mSuccessfully compiled "resources/public/js/compiled/flocking.js" in 0.275 seconds.[0m
notifying browser that file changed:  resources/public/js/compiled/out/flocking/core.js
[0mCompiling "resources/public/js/compiled/flocking.js" from ["src/cljs" "src/cljc"]...[0m
[32mSuccessfully compiled "resources/public/js/compiled/flocking.js" in 0.276 seconds.[0m
notifying browser that file changed:  resources/public/js/compiled/out/flocking/core.js
[0mCompiling "resources/public/js/compiled/flocking.js" from ["src/cljs" "src/cljc"]...[0m
[32mSuccessfully compiled "resources/public/js/compiled/flocking.js" in 0.314 seconds.[0m
notifying browser that file changed:  resources/public/js/compiled/out/flocking/core.js
[0mCompiling "resources/public/js/compiled/flocking.js" from ["src/cljs" "src/cljc"]...[0m
[32mSuccessfully compiled "resources/public/js/compiled/flocking.js" in 0.284 seconds.[0m
notifying browser that file changed:  resources/public/js/compiled/out/flocking/core.js
[0mCompiling "resources/public/js/compiled/flocking.js" from ["src/cljs" "src/cljc"]...[0m
[32mSuccessfully compiled "resources/public/js/compiled/flocking.js" in 0.284 seconds.[0m
notifying browser that file changed:  resources/public/js/compiled/out/flocking/core.js
[0mCompiling "resources/public/js/compiled/flocking.js" from ["src/cljs" "src/cljc"]...[0m
[32mSuccessfully compiled "resources/public/js/compiled/flocking.js" in 0.311 seconds.[0m
notifying browser that file changed:  resources/public/js/compiled/out/flocking/core.js
[0mCompiling "resources/public/js/compiled/flocking.js" from ["src/cljs" "src/cljc"]...[0m
[32mSuccessfully compiled "resources/public/js/compiled/flocking.js" in 0.3 seconds.[0m
notifying browser that file changed:  resources/public/js/compiled/out/flocking/core.js
[0mCompiling "resources/public/js/compiled/flocking.js" from ["src/cljs" "src/cljc"]...[0m
[32mSuccessfully compiled "resources/public/js/compiled/flocking.js" in 0.285 seconds.[0m
notifying browser that file changed:  resources/public/js/compiled/out/flocking/core.js
[0mCompiling "resources/public/js/compiled/flocking.js" from ["src/cljs" "src/cljc"]...[0m
[32mSuccessfully compiled "resources/public/js/compiled/flocking.js" in 0.28 seconds.[0m
notifying browser that file changed:  resources/public/js/compiled/out/flocking/core.js
[0mCompiling "resources/public/js/compiled/flocking.js" from ["src/cljs" "src/cljc"]...[0m
[32mSuccessfully compiled "resources/public/js/compiled/flocking.js" in 0.271 seconds.[0m
notifying browser that file changed:  resources/public/js/compiled/out/flocking/core.js
[0mCompiling "resources/public/js/compiled/flocking.js" from ["src/cljs" "src/cljc"]...[0m
[32mSuccessfully compiled "resources/public/js/compiled/flocking.js" in 0.29 seconds.[0m
notifying browser that file changed:  resources/public/js/compiled/out/flocking/core.js
[0mCompiling "resources/public/js/compiled/flocking.js" from ["src/cljs" "src/cljc"]...[0m
[32mSuccessfully compiled "resources/public/js/compiled/flocking.js" in 0.287 seconds.[0m
notifying browser that file changed:  resources/public/js/compiled/out/flocking/core.js
[0mCompiling "resources/public/js/compiled/flocking.js" from ["src/cljs" "src/cljc"]...[0m
[32mSuccessfully compiled "resources/public/js/compiled/flocking.js" in 0.287 seconds.[0m
notifying browser that file changed:  resources/public/js/compiled/out/flocking/core.js
[0mCompiling "resources/public/js/compiled/flocking.js" from ["src/cljs" "src/cljc"]...[0m
[31mFailed to compile "resources/public/js/compiled/flocking.js" in 0.199 seconds.[0m
[36m----  Could not Read  src/cljs/flocking/core.cljs   line:33 ----[0m

  [1m/Users/mbastian/workspace/flocking/src/cljs/flocking/core.cljs [line 33, col 35] The map literal starting with :style on line 33 column 14 contains 3 form(s). Map literals must contain an even number of forms.[0m

  [36m31[0m  [36m                              0 ")")[0m
  [36m32[0m  [36m              :stroke :cyan :fill :none}])][0m
  [33m33[0m  [1m[:table {:style :width :100%}[0m
  [0m  [0m  [33m/Users/mbastian/workspace/flocking/src/cljs/flocking/core.cljs [line 33, col 35] The map literal starting with :style on line 33 column 14 contains 3 form(s). Map literals must contain an even number of forms.[0m
  [36m34[0m  [36m [:tr[0m
  [36m35[0m  [36m  [:td 0]]]]))[0m

[36m----  Reader Error : Please see src/cljs/flocking/core.cljs  ----[0m
[0mCompiling "resources/public/js/compiled/flocking.js" from ["src/cljs" "src/cljc"]...[0m
[31mFailed to compile "resources/public/js/compiled/flocking.js" in 0.208 seconds.[0m
[36m----  Could not Read  src/cljs/flocking/core.cljs   line:33 ----[0m

  [1m/Users/mbastian/workspace/flocking/src/cljs/flocking/core.cljs [line 33, col 35] The map literal starting with :style on line 33 column 14 contains 3 form(s). Map literals must contain an even number of forms.[0m

  [36m31[0m  [36m                              0 ")")[0m
  [36m32[0m  [36m              :stroke :cyan :fill :none}])][0m
  [33m33[0m  [1m[:table {:style :width :100%}[0m
  [0m  [0m  [33m/Users/mbastian/workspace/flocking/src/cljs/flocking/core.cljs [line 33, col 35] The map literal starting with :style on line 33 column 14 contains 3 form(s). Map literals must contain an even number of forms.[0m
  [36m34[0m  [36m [:tr[0m
  [36m35[0m  [36m  [:td 0] [:td 1] [:td 2]][0m
  [36m36[0m  [36m [:tr[0m

[36m----  Reader Error : Please see src/cljs/flocking/core.cljs  ----[0m
[0mCompiling "resources/public/js/compiled/flocking.js" from ["src/cljs" "src/cljc"]...[0m
[32mSuccessfully compiled "resources/public/js/compiled/flocking.js" in 0.295 seconds.[0m
notifying browser that file changed:  resources/public/js/compiled/out/flocking/core.js
[0mCompiling "resources/public/js/compiled/flocking.js" from ["src/cljs" "src/cljc"]...[0m
[32mSuccessfully compiled "resources/public/js/compiled/flocking.js" in 0.292 seconds.[0m
notifying browser that file changed:  resources/public/js/compiled/out/flocking/core.js
[0mCompiling "resources/public/js/compiled/flocking.js" from ["src/cljs" "src/cljc"]...[0m
[32mSuccessfully compiled "resources/public/js/compiled/flocking.js" in 0.298 seconds.[0m
notifying browser that file changed:  resources/public/js/compiled/out/flocking/core.js
[0mCompiling "resources/public/js/compiled/flocking.js" from ["src/cljs" "src/cljc"]...[0m
[32mSuccessfully compiled "resources/public/js/compiled/flocking.js" in 0.304 seconds.[0m
notifying browser that file changed:  resources/public/js/compiled/out/flocking/core.js
[0mCompiling "resources/public/js/compiled/flocking.js" from ["src/cljs" "src/cljc"]...[0m
[32mSuccessfully compiled "resources/public/js/compiled/flocking.js" in 0.293 seconds.[0m
notifying browser that file changed:  resources/public/js/compiled/out/flocking/core.js
[0mCompiling "resources/public/js/compiled/flocking.js" from ["src/cljs" "src/cljc"]...[0m
[32mSuccessfully compiled "resources/public/js/compiled/flocking.js" in 0.288 seconds.[0m
notifying browser that file changed:  resources/public/js/compiled/out/flocking/core.js
[0mCompiling "resources/public/js/compiled/flocking.js" from ["src/cljs" "src/cljc"]...[0m
[32mSuccessfully compiled "resources/public/js/compiled/flocking.js" in 0.276 seconds.[0m
notifying browser that file changed:  resources/public/js/compiled/out/flocking/core.js
[0mCompiling "resources/public/js/compiled/flocking.js" from ["src/cljs" "src/cljc"]...[0m
[32mSuccessfully compiled "resources/public/js/compiled/flocking.js" in 0.274 seconds.[0m
notifying browser that file changed:  resources/public/js/compiled/out/flocking/core.js
[0mCompiling "resources/public/js/compiled/flocking.js" from ["src/cljs" "src/cljc"]...[0m
[32mSuccessfully compiled "resources/public/js/compiled/flocking.js" in 0.261 seconds.[0m
notifying browser that file changed:  resources/public/js/compiled/out/flocking/core.js
[0mCompiling "resources/public/js/compiled/flocking.js" from ["src/cljs" "src/cljc"]...[0m
[32mSuccessfully compiled "resources/public/js/compiled/flocking.js" in 0.271 seconds.[0m
notifying browser that file changed:  resources/public/js/compiled/out/flocking/core.js
[0mCompiling "resources/public/js/compiled/flocking.js" from ["src/cljs" "src/cljc"]...[0m
[32mSuccessfully compiled "resources/public/js/compiled/flocking.js" in 0.303 seconds.[0m
notifying browser that file changed:  resources/public/js/compiled/out/flocking/core.js
[0mCompiling "resources/public/js/compiled/flocking.js" from ["src/cljs" "src/cljc"]...[0m
[32mSuccessfully compiled "resources/public/js/compiled/flocking.js" in 0.29 seconds.[0m
notifying browser that file changed:  resources/public/js/compiled/out/flocking/core.js
[0mCompiling "resources/public/js/compiled/flocking.js" from ["src/cljs" "src/cljc"]...[0m
[32mSuccessfully compiled "resources/public/js/compiled/flocking.js" in 0.31 seconds.[0m
notifying browser that file changed:  resources/public/js/compiled/out/flocking/core.js
[0mCompiling "resources/public/js/compiled/flocking.js" from ["src/cljs" "src/cljc"]...[0m
[32mSuccessfully compiled "resources/public/js/compiled/flocking.js" in 0.342 seconds.[0m
notifying browser that file changed:  resources/public/js/compiled/out/flocking/core.js
[0mCompiling "resources/public/js/compiled/flocking.js" from ["src/cljs" "src/cljc"]...[0m
[32mSuccessfully compiled "resources/public/js/compiled/flocking.js" in 0.292 seconds.[0m
notifying browser that file changed:  resources/public/js/compiled/out/flocking/core.js
[0mCompiling "resources/public/js/compiled/flocking.js" from ["src/cljs" "src/cljc"]...[0m
[32mSuccessfully compiled "resources/public/js/compiled/flocking.js" in 0.353 seconds.[0m
notifying browser that file changed:  resources/public/js/compiled/out/flocking/core.js
[0mCompiling "resources/public/js/compiled/flocking.js" from ["src/cljs" "src/cljc"]...[0m
[32mSuccessfully compiled "resources/public/js/compiled/flocking.js" in 0.314 seconds.[0m
notifying browser that file changed:  resources/public/js/compiled/out/flocking/core.js
[0mCompiling "resources/public/js/compiled/flocking.js" from ["src/cljs" "src/cljc"]...[0m
[32mSuccessfully compiled "resources/public/js/compiled/flocking.js" in 0.308 seconds.[0m
notifying browser that file changed:  resources/public/js/compiled/out/flocking/core.js
[0mCompiling "resources/public/js/compiled/flocking.js" from ["src/cljs" "src/cljc"]...[0m
[32mSuccessfully compiled "resources/public/js/compiled/flocking.js" in 0.318 seconds.[0m
notifying browser that file changed:  resources/public/js/compiled/out/flocking/core.js
[0mCompiling "resources/public/js/compiled/flocking.js" from ["src/cljs" "src/cljc"]...[0m
[32mSuccessfully compiled "resources/public/js/compiled/flocking.js" in 0.306 seconds.[0m
notifying browser that file changed:  resources/public/js/compiled/out/flocking/core.js
[0mCompiling "resources/public/js/compiled/flocking.js" from ["src/cljs" "src/cljc"]...[0m
[32mSuccessfully compiled "resources/public/js/compiled/flocking.js" in 0.333 seconds.[0m
notifying browser that file changed:  resources/public/js/compiled/out/flocking/core.js
[0mCompiling "resources/public/js/compiled/flocking.js" from ["src/cljs" "src/cljc"]...[0m
[32mSuccessfully compiled "resources/public/js/compiled/flocking.js" in 0.328 seconds.[0m
notifying browser that file changed:  resources/public/js/compiled/out/flocking/core.js
[0mCompiling "resources/public/js/compiled/flocking.js" from ["src/cljs" "src/cljc"]...[0m
[32mSuccessfully compiled "resources/public/js/compiled/flocking.js" in 0.329 seconds.[0m
notifying browser that file changed:  resources/public/js/compiled/out/flocking/core.js
[0mCompiling "resources/public/js/compiled/flocking.js" from ["src/cljs" "src/cljc"]...[0m
[32mSuccessfully compiled "resources/public/js/compiled/flocking.js" in 0.304 seconds.[0m
notifying browser that file changed:  resources/public/js/compiled/out/flocking/core.js
[0mCompiling "resources/public/js/compiled/flocking.js" from ["src/cljs" "src/cljc"]...[0m
[32mSuccessfully compiled "resources/public/js/compiled/flocking.js" in 0.319 seconds.[0m
notifying browser that file changed:  resources/public/js/compiled/out/flocking/core.js
[0mCompiling "resources/public/js/compiled/flocking.js" from ["src/cljs" "src/cljc"]...[0m
[32mSuccessfully compiled "resources/public/js/compiled/flocking.js" in 0.294 seconds.[0m
notifying browser that file changed:  resources/public/js/compiled/out/flocking/core.js
[0mCompiling "resources/public/js/compiled/flocking.js" from ["src/cljs" "src/cljc"]...[0m
[32mSuccessfully compiled "resources/public/js/compiled/flocking.js" in 0.307 seconds.[0m
notifying browser that file changed:  resources/public/js/compiled/out/flocking/core.js
[0mCompiling "resources/public/js/compiled/flocking.js" from ["src/cljs" "src/cljc"]...[0m
[32mSuccessfully compiled "resources/public/js/compiled/flocking.js" in 0.289 seconds.[0m
notifying browser that file changed:  resources/public/js/compiled/out/flocking/core.js
[0mCompiling "resources/public/js/compiled/flocking.js" from ["src/cljs" "src/cljc"]...[0m
[32mSuccessfully compiled "resources/public/js/compiled/flocking.js" in 0.309 seconds.[0m
notifying browser that file changed:  resources/public/js/compiled/out/flocking/core.js
[0mCompiling "resources/public/js/compiled/flocking.js" from ["src/cljs" "src/cljc"]...[0m
[32mSuccessfully compiled "resources/public/js/compiled/flocking.js" in 0.292 seconds.[0m
notifying browser that file changed:  resources/public/js/compiled/out/flocking/core.js
[0mCompiling "resources/public/js/compiled/flocking.js" from ["src/cljs" "src/cljc"]...[0m
[32mSuccessfully compiled "resources/public/js/compiled/flocking.js" in 0.299 seconds.[0m
notifying browser that file changed:  resources/public/js/compiled/out/flocking/core.js
[0mCompiling "resources/public/js/compiled/flocking.js" from ["src/cljs" "src/cljc"]...[0m
[32mSuccessfully compiled "resources/public/js/compiled/flocking.js" in 0.285 seconds.[0m
notifying browser that file changed:  resources/public/js/compiled/out/flocking/core.js
[0mCompiling "resources/public/js/compiled/flocking.js" from ["src/cljs" "src/cljc"]...[0m
[32mSuccessfully compiled "resources/public/js/compiled/flocking.js" in 0.297 seconds.[0m
notifying browser that file changed:  resources/public/js/compiled/out/flocking/core.js
[0mCompiling "resources/public/js/compiled/flocking.js" from ["src/cljs" "src/cljc"]...[0m
[32mSuccessfully compiled "resources/public/js/compiled/flocking.js" in 0.284 seconds.[0m
notifying browser that file changed:  resources/public/js/compiled/out/flocking/core.js
[0mCompiling "resources/public/js/compiled/flocking.js" from ["src/cljs" "src/cljc"]...[0m
[32mSuccessfully compiled "resources/public/js/compiled/flocking.js" in 0.272 seconds.[0m
notifying browser that file changed:  resources/public/js/compiled/out/flocking/core.js
[0mCompiling "resources/public/js/compiled/flocking.js" from ["src/cljs" "src/cljc"]...[0m
[32mSuccessfully compiled "resources/public/js/compiled/flocking.js" in 0.28 seconds.[0m
notifying browser that file changed:  resources/public/js/compiled/out/flocking/core.js
[0mCompiling "resources/public/js/compiled/flocking.js" from ["src/cljs" "src/cljc"]...[0m
[32mSuccessfully compiled "resources/public/js/compiled/flocking.js" in 0.271 seconds.[0m
notifying browser that file changed:  resources/public/js/compiled/out/flocking/core.js
[0mCompiling "resources/public/js/compiled/flocking.js" from ["src/cljs" "src/cljc"]...[0m
[32mSuccessfully compiled "resources/public/js/compiled/flocking.js" in 0.267 seconds.[0m
notifying browser that file changed:  resources/public/js/compiled/out/flocking/core.js
[0mCompiling "resources/public/js/compiled/flocking.js" from ["src/cljs" "src/cljc"]...[0m
[32mSuccessfully compiled "resources/public/js/compiled/flocking.js" in 0.271 seconds.[0m
notifying browser that file changed:  resources/public/js/compiled/out/flocking/core.js
[0mCompiling "resources/public/js/compiled/flocking.js" from ["src/cljs" "src/cljc"]...[0m
[32mSuccessfully compiled "resources/public/js/compiled/flocking.js" in 0.265 seconds.[0m
notifying browser that file changed:  resources/public/js/compiled/out/flocking/core.js
